<?xml version="1.0" encoding="UTF-8"?>
<!-- Generated by org.testng.reporters.JUnitXMLReporter -->
<testsuite ignored="6" hostname="NIRMALENDU" failures="1" tests="6" name="Test" time="40.206" errors="0" timestamp="2021-09-10T20:19:17 IST">
  <testcase classname="Interview.DemoProjectNirmalenduDas.ValidateVisibeUserName" name="validateVisibleUsername" time="6.367"/>
  <testcase classname="Interview.DemoProjectNirmalenduDas.WordPressProfilePageValidationPage" name="hideGravtarProfileLabelText" time="0.046"/>
  <testcase classname="Interview.DemoProjectNirmalenduDas.WordPressProfilePageValidationPage" name="validateSaveMyProfileButtonActive" time="0.004"/>
  <testcase classname="Interview.DemoProjectNirmalenduDas.ValidateSaveMyProfileButton" name="validateSaveMyProfileButtonDisablity" time="0.99"/>
  <testcase classname="Interview.DemoProjectNirmalenduDas.ValidateSaveMyProfileButton" name="validateSaveMyProfileButtonEnableIfAnyFieldIsNonEmpty" time="0.134"/>
  <testcase classname="Interview.DemoProjectNirmalenduDas.SaveProfileDetails" name="SaveProfileDetailsByProvidingValidInfo" time="0.064">
    <failure type="java.lang.IllegalArgumentException" message="Keys to send should be a not null CharSequence">
      <![CDATA[java.lang.IllegalArgumentException: Keys to send should be a not null CharSequence
at org.openqa.selenium.remote.RemoteWebElement.sendKeys(RemoteWebElement.java:88)
at Interview.DemoProjectNirmalenduDas.SaveProfileDetails.SaveProfileDetailsByProvidingValidInfo(SaveProfileDetails.java:16)
at java.base/java.util.ArrayList.forEach(ArrayList.java:1511)
... Removed 27 stack frames]]>
    </failure>
  </testcase> <!-- SaveProfileDetailsByProvidingValidInfo -->
  <testcase classname="resources.Base" name="@BeforeTest initialize" time="0.0">
    <ignored/>
  </testcase> <!-- @BeforeTest initialize -->
  <testcase classname="resources.Base" name="@BeforeTest initialize" time="0.0">
    <ignored/>
  </testcase> <!-- @BeforeTest initialize -->
  <testcase classname="resources.Base" name="@BeforeTest initialize" time="0.0">
    <ignored/>
  </testcase> <!-- @BeforeTest initialize -->
  <testcase classname="resources.Base" name="@AfterTest killDriver" time="0.0">
    <ignored/>
  </testcase> <!-- @AfterTest killDriver -->
  <testcase classname="resources.Base" name="@AfterTest killDriver" time="0.0">
    <ignored/>
  </testcase> <!-- @AfterTest killDriver -->
  <testcase classname="resources.Base" name="@AfterTest killDriver" time="0.0">
    <ignored/>
  </testcase> <!-- @AfterTest killDriver -->
</testsuite> <!-- Test -->
